<?xml version="1.0" encoding="UTF-8"?>
<testng-results ignored="0" total="1" passed="1" failed="0" skipped="0">
  <reporter-output>
  </reporter-output>
  <suite started-at="2023-12-08T00:27:12 IST" name="Default suite" finished-at="2023-12-08T00:27:13 IST" duration-ms="1735">
    <groups>
    </groups>
    <test started-at="2023-12-08T00:27:12 IST" name="Default test" finished-at="2023-12-08T00:27:13 IST" duration-ms="1735">
      <class name="driverFactory.AppTest">
        <test-method signature="KickStart()[pri:0, instance:driverFactory.AppTest@7f0eb4b4]" started-at="2023-12-08T00:27:12 IST" name="KickStart" finished-at="2023-12-08T00:27:13 IST" duration-ms="1653" status="PASS">
          <reporter-output>
          </reporter-output>
        </test-method> <!-- KickStart -->
      </class> <!-- driverFactory.AppTest -->
    </test> <!-- Default test -->
  </suite> <!-- Default suite -->
</testng-results>
