<?xml version="1.0" encoding="UTF-8"?>
<testng-results ignored="0" total="1" passed="1" failed="0" skipped="0">
  <reporter-output>
    <line>
      <![CDATA[DEVIALPANDA    DEVIALPANDA]]>
    </line>
    <line>
      <![CDATA[Supplier-00000000291  Supplier-00000000291]]>
    </line>
    <line>
      <![CDATA[Customer-00000000138  Customer-00000000138]]>
    </line>
  </reporter-output>
  <suite started-at="2023-12-13T12:51:43 IST" name="Surefire suite" finished-at="2023-12-13T12:53:45 IST" duration-ms="122628">
    <groups>
    </groups>
    <test started-at="2023-12-13T12:51:43 IST" name="Surefire test" finished-at="2023-12-13T12:53:45 IST" duration-ms="122628">
      <class name="driverFactory.AppTest">
        <test-method signature="KickStart()[pri:0, instance:driverFactory.AppTest@290d210d]" started-at="2023-12-13T12:51:43 IST" name="KickStart" finished-at="2023-12-13T12:53:45 IST" duration-ms="122526" status="PASS">
          <reporter-output>
            <line>
              <![CDATA[DEVIALPANDA    DEVIALPANDA]]>
            </line>
            <line>
              <![CDATA[Supplier-00000000291  Supplier-00000000291]]>
            </line>
            <line>
              <![CDATA[Customer-00000000138  Customer-00000000138]]>
            </line>
          </reporter-output>
        </test-method> <!-- KickStart -->
      </class> <!-- driverFactory.AppTest -->
    </test> <!-- Surefire test -->
  </suite> <!-- Surefire suite -->
</testng-results>
